android/app/build/intermediates/manifest_merge_blame_file/debug/processDebugMainManifest/manifest-merger-blame-debug-report.txt
1<?xml version="1.0" encoding="utf-8"?>
2<manifest xmlns:android="http://schemas.android.com/apk/res/android"
3    package="com.reelview.app"
4    android:versionCode="1"
5    android:versionName="1.0" >
6
7    <uses-sdk
8        android:minSdkVersion="29"
9        android:targetSdkVersion="35" />
10
11    <!-- Permissions -->
12    <uses-permission android:name="android.permission.INTERNET" />
12-->src\main\AndroidManifest.xml:46:5-67
12-->src\main\AndroidManifest.xml:46:22-64
13    <uses-permission android:name="android.permission.WAKE_LOCK" />
13-->src\main\AndroidManifest.xml:47:5-68
13-->src\main\AndroidManifest.xml:47:22-65
14    <uses-permission android:name="android.permission.FOREGROUND_SERVICE" />
14-->src\main\AndroidManifest.xml:48:5-77
14-->src\main\AndroidManifest.xml:48:22-74
15    <uses-permission android:name="android.permission.FOREGROUND_SERVICE_DATA_SYNC" />
15-->src\main\AndroidManifest.xml:49:5-87
15-->src\main\AndroidManifest.xml:49:22-84
16    <uses-permission android:name="android.permission.POST_NOTIFICATIONS" />
16-->src\main\AndroidManifest.xml:50:5-77
16-->src\main\AndroidManifest.xml:50:22-74
17    <uses-permission
17-->src\main\AndroidManifest.xml:51:5-108
18        android:name="android.permission.WRITE_EXTERNAL_STORAGE"
18-->src\main\AndroidManifest.xml:51:22-78
19        android:maxSdkVersion="28" />
19-->src\main\AndroidManifest.xml:51:79-105
20    <uses-permission
20-->src\main\AndroidManifest.xml:52:5-107
21        android:name="android.permission.READ_EXTERNAL_STORAGE"
21-->src\main\AndroidManifest.xml:52:22-77
22        android:maxSdkVersion="32" />
22-->src\main\AndroidManifest.xml:52:78-104
23    <!-- Allow downloads to continue even with battery saver enabled -->
24    <uses-permission android:name="android.permission.IGNORE_BATTERY_OPTIMIZATIONS" />
24-->src\main\AndroidManifest.xml:54:5-87
24-->src\main\AndroidManifest.xml:54:22-84
25
26    <!-- This permission is required to check the state of and information about the current network. -->
27    <uses-permission android:name="android.permission.ACCESS_NETWORK_STATE" />
27-->[com.google.android.gms:play-services-cast-framework:21.3.0] AndroidManifest.xml:10:5-79
27-->[com.google.android.gms:play-services-cast-framework:21.3.0] AndroidManifest.xml:10:22-76
28
29    <queries>
29-->[com.google.android.gms:play-services-cast-framework:21.3.0] AndroidManifest.xml:14:5-16:15
30        <package android:name="com.google.android.gms.policy_cast_dynamite" />
30-->[com.google.android.gms:play-services-cast-framework:21.3.0] AndroidManifest.xml:15:9-79
30-->[com.google.android.gms:play-services-cast-framework:21.3.0] AndroidManifest.xml:15:18-76
31    </queries>
32
33    <permission
33-->[androidx.core:core:1.15.0] AndroidManifest.xml:22:5-24:47
34        android:name="com.reelview.app.DYNAMIC_RECEIVER_NOT_EXPORTED_PERMISSION"
34-->[androidx.core:core:1.15.0] AndroidManifest.xml:23:9-81
35        android:protectionLevel="signature" />
35-->[androidx.core:core:1.15.0] AndroidManifest.xml:24:9-44
36
37    <uses-permission android:name="com.reelview.app.DYNAMIC_RECEIVER_NOT_EXPORTED_PERMISSION" />
37-->[androidx.core:core:1.15.0] AndroidManifest.xml:26:5-97
37-->[androidx.core:core:1.15.0] AndroidManifest.xml:26:22-94
38
39    <application
39-->src\main\AndroidManifest.xml:4:5-43:19
40        android:allowBackup="true"
40-->src\main\AndroidManifest.xml:5:9-35
41        android:appComponentFactory="androidx.core.app.CoreComponentFactory"
41-->[androidx.core:core:1.15.0] AndroidManifest.xml:28:18-86
42        android:debuggable="true"
43        android:extractNativeLibs="false"
44        android:icon="@mipmap/ic_launcher"
44-->src\main\AndroidManifest.xml:6:9-43
45        android:label="@string/app_name"
45-->src\main\AndroidManifest.xml:7:9-41
46        android:requestLegacyExternalStorage="true"
46-->src\main\AndroidManifest.xml:11:9-52
47        android:roundIcon="@mipmap/ic_launcher_round"
47-->src\main\AndroidManifest.xml:8:9-54
48        android:supportsRtl="true"
48-->src\main\AndroidManifest.xml:9:9-35
49        android:theme="@style/AppTheme" >
49-->src\main\AndroidManifest.xml:10:9-40
50        <activity
50-->src\main\AndroidManifest.xml:13:9-26:20
51            android:name="com.reelview.app.MainActivity"
51-->src\main\AndroidManifest.xml:15:13-41
52            android:configChanges="orientation|keyboardHidden|keyboard|screenSize|locale|smallestScreenSize|screenLayout|uiMode|navigation"
52-->src\main\AndroidManifest.xml:14:13-140
53            android:exported="true"
53-->src\main\AndroidManifest.xml:19:13-36
54            android:label="@string/title_activity_main"
54-->src\main\AndroidManifest.xml:16:13-56
55            android:launchMode="singleTask"
55-->src\main\AndroidManifest.xml:18:13-44
56            android:theme="@style/AppTheme.NoActionBarLaunch" >
56-->src\main\AndroidManifest.xml:17:13-62
57            <intent-filter>
57-->src\main\AndroidManifest.xml:21:13-24:29
58                <action android:name="android.intent.action.MAIN" />
58-->src\main\AndroidManifest.xml:22:17-69
58-->src\main\AndroidManifest.xml:22:25-66
59
60                <category android:name="android.intent.category.LAUNCHER" />
60-->src\main\AndroidManifest.xml:23:17-77
60-->src\main\AndroidManifest.xml:23:27-74
61            </intent-filter>
62        </activity>
63
64        <service
64-->src\main\AndroidManifest.xml:28:9-32:56
65            android:name="com.reelview.app.DownloadService"
65-->src\main\AndroidManifest.xml:29:13-44
66            android:enabled="true"
66-->src\main\AndroidManifest.xml:30:13-35
67            android:exported="false"
67-->src\main\AndroidManifest.xml:31:13-37
68            android:foregroundServiceType="dataSync" />
68-->src\main\AndroidManifest.xml:32:13-53
69
70        <provider
71            android:name="androidx.core.content.FileProvider"
71-->src\main\AndroidManifest.xml:35:13-62
72            android:authorities="com.reelview.app.fileprovider"
72-->src\main\AndroidManifest.xml:36:13-64
73            android:exported="false"
73-->src\main\AndroidManifest.xml:37:13-37
74            android:grantUriPermissions="true" >
74-->src\main\AndroidManifest.xml:38:13-47
75            <meta-data
75-->src\main\AndroidManifest.xml:39:13-41:64
76                android:name="android.support.FILE_PROVIDER_PATHS"
76-->src\main\AndroidManifest.xml:40:17-67
77                android:resource="@xml/file_paths" />
77-->src\main\AndroidManifest.xml:41:17-51
78        </provider>
79
80        <receiver
80-->[com.google.android.gms:play-services-cast-framework:21.3.0] AndroidManifest.xml:19:9-21:40
81            android:name="com.google.android.gms.cast.framework.media.MediaIntentReceiver"
81-->[com.google.android.gms:play-services-cast-framework:21.3.0] AndroidManifest.xml:20:13-91
82            android:exported="false" />
82-->[com.google.android.gms:play-services-cast-framework:21.3.0] AndroidManifest.xml:21:13-37
83
84        <service
84-->[com.google.android.gms:play-services-cast-framework:21.3.0] AndroidManifest.xml:23:9-25:40
85            android:name="com.google.android.gms.cast.framework.ReconnectionService"
85-->[com.google.android.gms:play-services-cast-framework:21.3.0] AndroidManifest.xml:24:13-85
86            android:exported="false" />
86-->[com.google.android.gms:play-services-cast-framework:21.3.0] AndroidManifest.xml:25:13-37
87
88        <activity
88-->[com.google.android.gms:play-services-base:18.0.1] AndroidManifest.xml:20:9-22:45
89            android:name="com.google.android.gms.common.api.GoogleApiActivity"
89-->[com.google.android.gms:play-services-base:18.0.1] AndroidManifest.xml:20:19-85
90            android:exported="false"
90-->[com.google.android.gms:play-services-base:18.0.1] AndroidManifest.xml:22:19-43
91            android:theme="@android:style/Theme.Translucent.NoTitleBar" />
91-->[com.google.android.gms:play-services-base:18.0.1] AndroidManifest.xml:21:19-78
92
93        <meta-data
93-->[com.google.android.gms:play-services-basement:18.0.0] AndroidManifest.xml:21:9-23:69
94            android:name="com.google.android.gms.version"
94-->[com.google.android.gms:play-services-basement:18.0.0] AndroidManifest.xml:22:13-58
95            android:value="@integer/google_play_services_version" />
95-->[com.google.android.gms:play-services-basement:18.0.0] AndroidManifest.xml:23:13-66
96
97        <provider
97-->[androidx.emoji2:emoji2:1.3.0] AndroidManifest.xml:24:9-32:20
98            android:name="androidx.startup.InitializationProvider"
98-->[androidx.emoji2:emoji2:1.3.0] AndroidManifest.xml:25:13-67
99            android:authorities="com.reelview.app.androidx-startup"
99-->[androidx.emoji2:emoji2:1.3.0] AndroidManifest.xml:26:13-68
100            android:exported="false" >
100-->[androidx.emoji2:emoji2:1.3.0] AndroidManifest.xml:27:13-37
101            <meta-data
101-->[androidx.emoji2:emoji2:1.3.0] AndroidManifest.xml:29:13-31:52
102                android:name="androidx.emoji2.text.EmojiCompatInitializer"
102-->[androidx.emoji2:emoji2:1.3.0] AndroidManifest.xml:30:17-75
103                android:value="androidx.startup" />
103-->[androidx.emoji2:emoji2:1.3.0] AndroidManifest.xml:31:17-49
104            <meta-data
104-->[androidx.lifecycle:lifecycle-process:2.6.2] AndroidManifest.xml:29:13-31:52
105                android:name="androidx.lifecycle.ProcessLifecycleInitializer"
105-->[androidx.lifecycle:lifecycle-process:2.6.2] AndroidManifest.xml:30:17-78
106                android:value="androidx.startup" />
106-->[androidx.lifecycle:lifecycle-process:2.6.2] AndroidManifest.xml:31:17-49
107            <meta-data
107-->[androidx.profileinstaller:profileinstaller:1.3.1] AndroidManifest.xml:29:13-31:52
108                android:name="androidx.profileinstaller.ProfileInstallerInitializer"
108-->[androidx.profileinstaller:profileinstaller:1.3.1] AndroidManifest.xml:30:17-85
109                android:value="androidx.startup" />
109-->[androidx.profileinstaller:profileinstaller:1.3.1] AndroidManifest.xml:31:17-49
110        </provider>
111
112        <receiver
112-->[androidx.profileinstaller:profileinstaller:1.3.1] AndroidManifest.xml:34:9-52:20
113            android:name="androidx.profileinstaller.ProfileInstallReceiver"
113-->[androidx.profileinstaller:profileinstaller:1.3.1] AndroidManifest.xml:35:13-76
114            android:directBootAware="false"
114-->[androidx.profileinstaller:profileinstaller:1.3.1] AndroidManifest.xml:36:13-44
115            android:enabled="true"
115-->[androidx.profileinstaller:profileinstaller:1.3.1] AndroidManifest.xml:37:13-35
116            android:exported="true"
116-->[androidx.profileinstaller:profileinstaller:1.3.1] AndroidManifest.xml:38:13-36
117            android:permission="android.permission.DUMP" >
117-->[androidx.profileinstaller:profileinstaller:1.3.1] AndroidManifest.xml:39:13-57
118            <intent-filter>
118-->[androidx.profileinstaller:profileinstaller:1.3.1] AndroidManifest.xml:40:13-42:29
119                <action android:name="androidx.profileinstaller.action.INSTALL_PROFILE" />
119-->[androidx.profileinstaller:profileinstaller:1.3.1] AndroidManifest.xml:41:17-91
119-->[androidx.profileinstaller:profileinstaller:1.3.1] AndroidManifest.xml:41:25-88
120            </intent-filter>
121            <intent-filter>
121-->[androidx.profileinstaller:profileinstaller:1.3.1] AndroidManifest.xml:43:13-45:29
122                <action android:name="androidx.profileinstaller.action.SKIP_FILE" />
122-->[androidx.profileinstaller:profileinstaller:1.3.1] AndroidManifest.xml:44:17-85
122-->[androidx.profileinstaller:profileinstaller:1.3.1] AndroidManifest.xml:44:25-82
123            </intent-filter>
124            <intent-filter>
124-->[androidx.profileinstaller:profileinstaller:1.3.1] AndroidManifest.xml:46:13-48:29
125                <action android:name="androidx.profileinstaller.action.SAVE_PROFILE" />
125-->[androidx.profileinstaller:profileinstaller:1.3.1] AndroidManifest.xml:47:17-88
125-->[androidx.profileinstaller:profileinstaller:1.3.1] AndroidManifest.xml:47:25-85
126            </intent-filter>
127            <intent-filter>
127-->[androidx.profileinstaller:profileinstaller:1.3.1] AndroidManifest.xml:49:13-51:29
128                <action android:name="androidx.profileinstaller.action.BENCHMARK_OPERATION" />
128-->[androidx.profileinstaller:profileinstaller:1.3.1] AndroidManifest.xml:50:17-95
128-->[androidx.profileinstaller:profileinstaller:1.3.1] AndroidManifest.xml:50:25-92
129            </intent-filter>
130        </receiver>
131
132        <service
132-->[com.google.android.datatransport:transport-backend-cct:3.1.3] AndroidManifest.xml:29:9-35:19
133            android:name="com.google.android.datatransport.runtime.backends.TransportBackendDiscovery"
133-->[com.google.android.datatransport:transport-backend-cct:3.1.3] AndroidManifest.xml:30:13-103
134            android:exported="false" >
134-->[com.google.android.datatransport:transport-backend-cct:3.1.3] AndroidManifest.xml:31:13-37
135            <meta-data
135-->[com.google.android.datatransport:transport-backend-cct:3.1.3] AndroidManifest.xml:32:13-34:39
136                android:name="backend:com.google.android.datatransport.cct.CctBackendFactory"
136-->[com.google.android.datatransport:transport-backend-cct:3.1.3] AndroidManifest.xml:33:17-94
137                android:value="cct" />
137-->[com.google.android.datatransport:transport-backend-cct:3.1.3] AndroidManifest.xml:34:17-36
138        </service>
139        <service
139-->[com.google.android.datatransport:transport-runtime:3.1.3] AndroidManifest.xml:26:9-30:19
140            android:name="com.google.android.datatransport.runtime.scheduling.jobscheduling.JobInfoSchedulerService"
140-->[com.google.android.datatransport:transport-runtime:3.1.3] AndroidManifest.xml:27:13-117
141            android:exported="false"
141-->[com.google.android.datatransport:transport-runtime:3.1.3] AndroidManifest.xml:28:13-37
142            android:permission="android.permission.BIND_JOB_SERVICE" >
142-->[com.google.android.datatransport:transport-runtime:3.1.3] AndroidManifest.xml:29:13-69
143        </service>
144
145        <receiver
145-->[com.google.android.datatransport:transport-runtime:3.1.3] AndroidManifest.xml:32:9-34:40
146            android:name="com.google.android.datatransport.runtime.scheduling.jobscheduling.AlarmManagerSchedulerBroadcastReceiver"
146-->[com.google.android.datatransport:transport-runtime:3.1.3] AndroidManifest.xml:33:13-132
147            android:exported="false" />
147-->[com.google.android.datatransport:transport-runtime:3.1.3] AndroidManifest.xml:34:13-37
148    </application>
149
150</manifest>